{
  "RSpec": {
    "coverage": {
      "/Users/basti/code/Gifters/backend-gifters/app/models/user.rb": {
        "lines": [
          1,
          null,
          null,
          1,
          null,
          null,
          null,
          1,
          1,
          1,
          1,
          null,
          null,
          1,
          1,
          null,
          null,
          1,
          1,
          null,
          null,
          1,
          79,
          null,
          null,
          1,
          78,
          null,
          null,
          null,
          1,
          null,
          2,
          2,
          null,
          2,
          null,
          null,
          null,
          null,
          null,
          null,
          null,
          1,
          18,
          null,
          null,
          18,
          null,
          null,
          null,
          18,
          null,
          null,
          18,
          18,
          null,
          null,
          null,
          1,
          null,
          0,
          0,
          null,
          null,
          1,
          2,
          null,
          2,
          2,
          1,
          null,
          null,
          null,
          0,
          0,
          0,
          null,
          null,
          2,
          2,
          null,
          null
        ]
      },
      "/Users/basti/code/Gifters/backend-gifters/app/models/application_record.rb": {
        "lines": [
          1,
          1,
          null
        ]
      },
      "/Users/basti/code/Gifters/backend-gifters/app/models/jwt_denylist.rb": {
        "lines": [
          1,
          1,
          null,
          1,
          null,
          null,
          1,
          1,
          null
        ]
      },
      "/Users/basti/code/Gifters/backend-gifters/app/helpers/application_helper.rb": {
        "lines": [
          1,
          null
        ]
      },
      "/Users/basti/code/Gifters/backend-gifters/app/controllers/api/v1/users_controller.rb": {
        "lines": [
          1,
          1,
          1,
          1,
          1,
          null,
          null,
          1,
          3,
          15,
          3,
          null,
          null,
          null,
          1,
          3,
          null,
          null,
          null,
          1,
          null,
          2,
          2,
          null,
          null,
          null,
          1,
          null,
          2,
          0,
          0,
          0,
          null,
          null,
          null,
          null,
          2,
          2,
          0,
          null,
          null,
          2,
          null,
          null,
          2,
          null,
          2,
          null,
          2,
          0,
          null,
          null,
          2,
          null,
          null,
          0,
          0,
          null,
          null,
          0,
          null,
          null,
          null,
          null,
          1,
          2,
          2,
          null,
          null,
          null,
          1,
          null,
          4,
          2,
          2,
          null,
          null,
          null,
          null,
          0,
          null,
          null,
          null,
          null,
          null,
          2,
          null,
          null,
          null,
          null,
          null,
          1,
          null,
          1,
          17,
          17,
          2,
          null,
          null,
          null,
          null,
          1,
          8,
          4,
          null,
          null,
          null,
          1,
          6,
          null,
          null,
          null,
          null,
          null,
          null,
          null,
          null,
          null,
          null,
          null,
          null,
          null,
          null,
          null,
          null,
          1,
          2,
          null,
          null,
          null,
          null
        ]
      },
      "/Users/basti/code/Gifters/backend-gifters/app/controllers/api/v1/base_controller.rb": {
        "lines": [
          1,
          1,
          1,
          1,
          1,
          null,
          1,
          1,
          null,
          null,
          1,
          0,
          null,
          null,
          1,
          null,
          1,
          null,
          1,
          230,
          54,
          null,
          null,
          null,
          1,
          708,
          null,
          null,
          1,
          303,
          null,
          null,
          1,
          303,
          null,
          176,
          null,
          176,
          176,
          null,
          0,
          null,
          null,
          null,
          1,
          479,
          null,
          null,
          1,
          0,
          null,
          null,
          1,
          0,
          0,
          0,
          null,
          null,
          1,
          0,
          null,
          null,
          null,
          null
        ]
      },
      "/Users/basti/code/Gifters/backend-gifters/app/mailers/contact_mailer.rb": {
        "lines": [
          1,
          1,
          null,
          null,
          null,
          null,
          null,
          null,
          1,
          5,
          5,
          5,
          5,
          5,
          null,
          5,
          null,
          null,
          null,
          null,
          null,
          null,
          null
        ]
      },
      "/Users/basti/code/Gifters/backend-gifters/app/mailers/application_mailer.rb": {
        "lines": [
          1,
          1,
          1,
          null
        ]
      },
      "/Users/basti/code/Gifters/backend-gifters/app/mailers/devise_mailer.rb": {
        "lines": [
          1,
          null,
          1,
          1,
          null,
          null,
          1,
          null,
          12,
          null,
          null,
          12,
          null,
          null,
          12,
          null,
          null,
          12,
          11,
          null,
          1,
          null,
          null,
          null,
          12,
          null,
          null,
          12,
          null,
          null,
          12,
          null,
          null,
          null
        ]
      },
      "/Users/basti/code/Gifters/backend-gifters/app/mailers/invitation_mailer.rb": {
        "lines": [
          1,
          1,
          null,
          null,
          null,
          null,
          null,
          null,
          1,
          7,
          7,
          7,
          7,
          null,
          null,
          7,
          null,
          null,
          7,
          7,
          null,
          null,
          7,
          null,
          null,
          7,
          null,
          7,
          7,
          null,
          null,
          null,
          null,
          null,
          null,
          null,
          1,
          6,
          6,
          6,
          null,
          null,
          6,
          6,
          null,
          null,
          6,
          6,
          null,
          null,
          6,
          3,
          3,
          null,
          null,
          6,
          null,
          null,
          6,
          null,
          6,
          6,
          null,
          null,
          null,
          null,
          null,
          null,
          1,
          null,
          1,
          6,
          null,
          null
        ]
      },
      "/Users/basti/code/Gifters/backend-gifters/app/models/gift_idea.rb": {
        "lines": [
          1,
          1,
          1,
          null,
          null,
          1,
          1,
          null,
          null,
          1,
          null,
          null,
          1,
          1,
          1,
          1,
          1,
          1,
          null,
          null,
          1,
          null,
          null,
          3,
          3,
          1,
          1,
          1,
          null,
          15,
          1,
          14,
          null,
          1,
          null,
          14,
          null,
          null,
          null,
          14,
          null,
          null,
          null,
          null,
          null,
          33,
          null,
          null,
          null,
          null,
          14,
          33,
          33,
          33,
          null,
          null,
          14,
          null,
          1,
          null,
          null,
          1,
          null,
          3,
          null,
          null,
          null,
          1,
          2,
          2,
          null,
          null,
          2,
          null,
          null,
          null,
          2,
          null,
          null,
          null,
          null,
          3,
          null,
          null,
          null,
          null,
          2,
          5,
          5,
          5,
          null,
          null,
          2,
          null,
          null,
          null,
          1,
          14,
          null,
          null,
          null,
          null,
          null,
          null,
          null,
          1,
          null,
          3,
          null,
          3,
          3,
          null,
          null,
          1,
          3,
          3,
          null,
          null,
          1,
          null,
          31,
          null,
          3,
          null,
          2,
          null,
          null,
          null,
          28,
          null,
          null,
          null,
          15,
          null,
          null,
          null,
          3,
          null,
          null,
          null,
          1,
          19,
          null,
          null,
          null,
          1,
          null,
          0,
          0,
          null,
          null,
          null,
          1,
          0,
          null,
          null,
          null,
          1,
          0,
          null,
          null,
          1,
          null,
          1,
          null,
          45,
          73,
          3,
          3,
          null,
          null,
          null,
          42,
          null,
          null,
          1,
          45,
          3,
          null,
          null,
          null,
          1,
          46,
          null,
          null
        ]
      },
      "/Users/basti/code/Gifters/backend-gifters/app/models/gift_recipient.rb": {
        "lines": [
          1,
          1,
          1,
          null,
          1,
          null
        ]
      },
      "/Users/basti/code/Gifters/backend-gifters/app/models/group.rb": {
        "lines": [
          1,
          null,
          1,
          1,
          1,
          null,
          null,
          1,
          null,
          null,
          null,
          null,
          1,
          388,
          388,
          3,
          3,
          null,
          385,
          null,
          null,
          null,
          1,
          22,
          null,
          null,
          1,
          9,
          null,
          null,
          1,
          15,
          null,
          null,
          1,
          2,
          null,
          null
        ]
      },
      "/Users/basti/code/Gifters/backend-gifters/app/models/invitation.rb": {
        "lines": [
          1,
          null,
          1,
          1,
          null,
          null,
          1,
          null,
          null,
          1,
          1,
          null,
          null,
          1,
          null,
          null,
          1,
          null,
          2,
          null,
          null,
          2,
          null,
          null,
          null,
          null,
          null,
          1,
          null,
          1,
          44,
          null,
          null
        ]
      },
      "/Users/basti/code/Gifters/backend-gifters/app/models/membership.rb": {
        "lines": [
          1,
          1,
          1,
          null,
          null,
          1,
          null,
          null,
          1,
          1,
          null,
          null,
          1,
          null,
          null,
          1,
          29,
          null,
          null,
          1,
          16,
          null,
          null,
          1,
          16,
          null,
          null,
          1,
          null,
          1,
          673,
          null,
          null
        ]
      },
      "/Users/basti/code/Gifters/backend-gifters/app/services/brevo_service.rb": {
        "lines": [
          null,
          1,
          1,
          null,
          null,
          null,
          null,
          null,
          1,
          4,
          null,
          null,
          null,
          4,
          null,
          null,
          4,
          4,
          4,
          4,
          null,
          null,
          4,
          null,
          2,
          null,
          1,
          1,
          1,
          null,
          1,
          1,
          null,
          null,
          null,
          null,
          null,
          null,
          null,
          1,
          4,
          null,
          null,
          null,
          4,
          null,
          null,
          4,
          4,
          null,
          null,
          4,
          null,
          2,
          null,
          1,
          1,
          1,
          null,
          1,
          1,
          null,
          null,
          null,
          null
        ]
      },
      "/Users/basti/code/Gifters/backend-gifters/app/controllers/api/v1/contacts_controller.rb": {
        "lines": [
          1,
          null,
          1,
          null,
          1,
          null,
          7,
          7,
          7,
          7,
          null,
          null,
          7,
          3,
          null,
          null,
          null,
          null,
          null,
          null,
          null,
          4,
          null,
          null,
          3,
          null,
          null,
          null,
          null,
          1,
          1,
          null,
          null,
          null,
          null,
          null,
          null
        ]
      },
      "/Users/basti/code/Gifters/backend-gifters/app/controllers/api/v1/gift_ideas_controller.rb": {
        "lines": [
          1,
          1,
          1,
          1,
          1,
          1,
          1,
          null,
          null,
          1,
          null,
          14,
          null,
          null,
          14,
          null,
          3,
          null,
          3,
          null,
          3,
          null,
          null,
          3,
          4,
          null,
          2,
          null,
          2,
          null,
          0,
          null,
          0,
          null,
          null,
          4,
          4,
          null,
          null,
          null,
          null,
          3,
          null,
          null,
          null,
          null,
          14,
          null,
          0,
          14,
          1,
          null,
          null,
          null,
          14,
          0,
          null,
          null,
          null,
          14,
          4,
          4,
          2,
          null,
          null,
          2,
          null,
          null,
          null,
          null,
          14,
          null,
          null,
          14,
          0,
          null,
          null,
          null,
          14,
          null,
          null,
          14,
          15,
          null,
          null,
          null,
          14,
          null,
          null,
          null,
          1,
          3,
          null,
          null,
          null,
          1,
          11,
          null,
          11,
          null,
          null,
          11,
          9,
          9,
          null,
          null,
          9,
          9,
          0,
          null,
          null,
          null,
          9,
          null,
          null,
          11,
          5,
          null,
          6,
          null,
          null,
          null,
          null,
          1,
          2,
          2,
          null,
          0,
          null,
          null,
          null,
          null,
          1,
          2,
          2,
          null,
          null,
          null,
          1,
          2,
          2,
          null,
          0,
          null,
          null,
          null,
          null,
          1,
          2,
          2,
          null,
          0,
          null,
          null,
          null,
          1,
          null,
          1,
          23,
          23,
          2,
          2,
          null,
          null,
          null,
          1,
          5,
          2,
          2,
          null,
          3,
          null,
          null,
          1,
          null,
          8,
          4,
          4,
          null,
          null,
          null,
          4,
          0,
          0,
          null,
          null,
          4,
          null,
          null,
          null,
          1,
          null,
          null,
          8,
          4,
          4,
          null,
          null,
          null,
          4,
          0,
          0,
          null,
          null,
          4,
          null,
          null,
          1,
          13,
          null,
          null,
          null,
          null
        ]
      },
      "/Users/basti/code/Gifters/backend-gifters/app/serializers/gift_idea_serializer.rb": {
        "lines": [
          1,
          1,
          null,
          null,
          null,
          1,
          1,
          null,
          null,
          1,
          1,
          null,
          null,
          1,
          29,
          null,
          50,
          null,
          null,
          null,
          null,
          null,
          null,
          1,
          null,
          29,
          29,
          null,
          null,
          29,
          null,
          null,
          null,
          null,
          null,
          29,
          null,
          29,
          null,
          null,
          null,
          1,
          0,
          null,
          null,
          1,
          0,
          null,
          null
        ]
      },
      "/Users/basti/code/Gifters/backend-gifters/app/serializers/user_serializer.rb": {
        "lines": [
          1,
          1,
          null,
          null,
          1,
          38,
          38,
          1,
          null,
          38,
          null,
          null,
          1,
          null,
          1,
          38,
          null,
          null
        ]
      },
      "/Users/basti/code/Gifters/backend-gifters/app/controllers/api/v1/groups_controller.rb": {
        "lines": [
          1,
          1,
          1,
          1,
          1,
          1,
          1,
          null,
          null,
          1,
          3,
          null,
          null,
          3,
          0,
          0,
          null,
          null,
          3,
          null,
          6,
          6,
          null,
          0,
          null,
          null,
          null,
          null,
          null,
          1,
          4,
          null,
          4,
          null,
          null,
          null,
          4,
          null,
          null,
          4,
          null,
          null,
          null,
          1,
          5,
          null,
          5,
          3,
          null,
          3,
          null,
          null,
          2,
          null,
          null,
          null,
          null,
          1,
          2,
          2,
          null,
          0,
          null,
          null,
          null,
          null,
          1,
          2,
          2,
          null,
          null,
          null,
          1,
          null,
          7,
          2,
          2,
          null,
          null,
          null,
          5,
          2,
          2,
          null,
          null,
          null,
          3,
          3,
          null,
          3,
          null,
          null,
          1,
          null,
          1,
          27,
          27,
          null,
          null,
          1,
          6,
          2,
          null,
          null,
          null,
          1,
          20,
          4,
          4,
          null,
          16,
          null,
          null,
          1,
          8,
          null,
          8,
          4,
          4,
          null,
          null,
          null,
          1,
          7,
          null,
          null,
          null,
          null
        ]
      },
      "/Users/basti/code/Gifters/backend-gifters/app/controllers/api/v1/invitations_controller.rb": {
        "lines": [
          1,
          1,
          1,
          1,
          1,
          1,
          null,
          null,
          1,
          2,
          null,
          null,
          2,
          0,
          null,
          2,
          null,
          null,
          null,
          null,
          1,
          2,
          null,
          null,
          null,
          null,
          null,
          null,
          1,
          3,
          3,
          null,
          3,
          null,
          null,
          2,
          null,
          2,
          2,
          null,
          0,
          null,
          null,
          null,
          2,
          null,
          null,
          null,
          null,
          null,
          1,
          null,
          null,
          null,
          null,
          1,
          null,
          3,
          1,
          1,
          null,
          null,
          2,
          2,
          null,
          null,
          null,
          1,
          7,
          null,
          7,
          2,
          2,
          null,
          null,
          null,
          5,
          2,
          2,
          null,
          null,
          null,
          3,
          null,
          3,
          null,
          3,
          null,
          3,
          null,
          null,
          null,
          null,
          0,
          null,
          null,
          null,
          1,
          null,
          1,
          9,
          null,
          9,
          2,
          null,
          null,
          null,
          null,
          1,
          7,
          null,
          7,
          2,
          null,
          null,
          null,
          null,
          1,
          7,
          2,
          null,
          null,
          null,
          null,
          1,
          10,
          10,
          null,
          null,
          1,
          3,
          null,
          null,
          null,
          1,
          4,
          null,
          null,
          1,
          null,
          null,
          3,
          3,
          null,
          0,
          null,
          null,
          null,
          null,
          null
        ]
      },
      "/Users/basti/code/Gifters/backend-gifters/app/controllers/api/v1/memberships_controller.rb": {
        "lines": [
          1,
          1,
          1,
          1,
          1,
          1,
          1,
          1,
          1,
          null,
          null,
          1,
          3,
          3,
          null,
          null,
          null,
          null,
          1,
          3,
          null,
          null,
          null,
          null,
          1,
          null,
          11,
          2,
          2,
          null,
          null,
          null,
          9,
          2,
          2,
          null,
          null,
          7,
          null,
          7,
          3,
          null,
          null,
          null,
          4,
          null,
          null,
          null,
          null,
          1,
          null,
          8,
          2,
          2,
          null,
          null,
          null,
          6,
          2,
          2,
          null,
          null,
          null,
          4,
          null,
          2,
          null,
          2,
          0,
          0,
          null,
          null,
          null,
          4,
          4,
          null,
          null,
          0,
          null,
          null,
          null,
          null,
          1,
          null,
          8,
          0,
          0,
          null,
          null,
          null,
          8,
          2,
          2,
          null,
          null,
          6,
          6,
          null,
          null,
          1,
          null,
          1,
          43,
          null,
          43,
          2,
          null,
          null,
          null,
          null,
          1,
          23,
          null,
          23,
          2,
          null,
          null,
          null,
          1,
          30,
          4,
          null,
          null,
          null,
          1,
          4,
          2,
          2,
          null,
          2,
          null,
          null,
          null,
          1,
          70,
          null,
          null,
          1,
          6,
          null,
          null,
          1,
          12,
          null,
          null,
          1,
          17,
          null,
          null,
          null,
          null
        ]
      },
      "/Users/basti/code/Gifters/backend-gifters/app/controllers/api/v1/metadata_controller.rb": {
        "lines": [
          1,
          1,
          1,
          null,
          null,
          null,
          null,
          null,
          1,
          1,
          1,
          1,
          1,
          null,
          null,
          1,
          null,
          null,
          1,
          null,
          null,
          1,
          null,
          null,
          1,
          null,
          null,
          1,
          7,
          null,
          null,
          7,
          1,
          null,
          null,
          null,
          null,
          6,
          2,
          null,
          null,
          2,
          null,
          1,
          null,
          null,
          2,
          2,
          null,
          null,
          2,
          null,
          null,
          2,
          null,
          1,
          null,
          1,
          null,
          0,
          null,
          0,
          null,
          0,
          null,
          null,
          null,
          1,
          1,
          1,
          null,
          null,
          null,
          1,
          null,
          1,
          2,
          null,
          null,
          2,
          2,
          null,
          0,
          null,
          null,
          1,
          null,
          0,
          0,
          null,
          null,
          0,
          null,
          null,
          0,
          0,
          null,
          null,
          null,
          null,
          null,
          0,
          null,
          null,
          null,
          null,
          null,
          null,
          null,
          null,
          null,
          null,
          null,
          null,
          0,
          null,
          null,
          null,
          null,
          null,
          null,
          null,
          null,
          0,
          0,
          null,
          null,
          null,
          0,
          null,
          null,
          null,
          0,
          null,
          null,
          null,
          null,
          null,
          null,
          0,
          0,
          0,
          0,
          null,
          null,
          0,
          null,
          null,
          null,
          null,
          1,
          null,
          0,
          0,
          null,
          null,
          0,
          null,
          null,
          1,
          null,
          0,
          0,
          null,
          null,
          0,
          0,
          0,
          null,
          null,
          null,
          null,
          null,
          1,
          null,
          null,
          0,
          null,
          null,
          null,
          null,
          null,
          null,
          null,
          null,
          0,
          0,
          0,
          null,
          0,
          null,
          0,
          null,
          0,
          0,
          null,
          0,
          null,
          null,
          null,
          null,
          null,
          null,
          null,
          null,
          1,
          null,
          0,
          0,
          null,
          null,
          null,
          0,
          null,
          null,
          null,
          null,
          null,
          null,
          0,
          0,
          0,
          0,
          null,
          null,
          null,
          null,
          0,
          0,
          0,
          null,
          null,
          null,
          null,
          null,
          null,
          1,
          0,
          null,
          null,
          null,
          0,
          0,
          null,
          null,
          0,
          null,
          0,
          null,
          null,
          null,
          null,
          null
        ]
      },
      "/Users/basti/code/Gifters/backend-gifters/app/controllers/api/v1/newsletter_subscriptions_controller.rb": {
        "lines": [
          1,
          1,
          1,
          1,
          null,
          1,
          7,
          7,
          7,
          7,
          null,
          7,
          1,
          null,
          null,
          null,
          null,
          6,
          null,
          5,
          4,
          null,
          1,
          null,
          null,
          1,
          1,
          null,
          null,
          null,
          null,
          1,
          5,
          null,
          5,
          1,
          null,
          null,
          null,
          null,
          4,
          null,
          3,
          2,
          null,
          1,
          null,
          null,
          1,
          1,
          null,
          null,
          null,
          1,
          null,
          1,
          null,
          7,
          null,
          1,
          6,
          null,
          1,
          null,
          null,
          5,
          null,
          null,
          null,
          1,
          12,
          null,
          null,
          null,
          null
        ]
      },
      "/Users/basti/code/Gifters/backend-gifters/app/controllers/api/v1/passwords_controller.rb": {
        "lines": [
          1,
          1,
          1,
          1,
          1,
          1,
          null,
          null,
          1,
          4,
          null,
          4,
          3,
          null,
          null,
          null,
          1,
          null,
          null,
          null,
          null,
          null,
          null,
          null,
          1,
          4,
          null,
          4,
          2,
          null,
          null,
          null,
          2,
          null,
          null,
          null,
          null,
          null,
          null,
          1,
          null,
          1,
          8,
          null,
          null,
          null,
          1,
          null,
          4,
          4,
          null,
          null,
          4,
          1,
          null,
          null,
          null,
          null,
          null,
          null
        ]
      },
      "/Users/basti/code/Gifters/backend-gifters/app/controllers/application_controller.rb": {
        "lines": [
          1,
          null
        ]
      },
      "/Users/basti/code/Gifters/backend-gifters/app/controllers/api/v1/sessions_controller.rb": {
        "lines": [
          1,
          1,
          1,
          1,
          1,
          1,
          1,
          null,
          10,
          10,
          10,
          null,
          null,
          10,
          null,
          10,
          null,
          8,
          null,
          null,
          8,
          null,
          null,
          8,
          null,
          null,
          null,
          null,
          null,
          null,
          null,
          null,
          null,
          null,
          null,
          null,
          2,
          null,
          null,
          null,
          null,
          null,
          null,
          1,
          0,
          null,
          null,
          1,
          null,
          1,
          10,
          1,
          null,
          9,
          null,
          null,
          10,
          null,
          null,
          1,
          0,
          null,
          0,
          null,
          null,
          null,
          null,
          null,
          null,
          null,
          null,
          null,
          null,
          null,
          null,
          1,
          3,
          null,
          null,
          null,
          null,
          null,
          1,
          null,
          10,
          null,
          null,
          10,
          1,
          null,
          1,
          null,
          null,
          null,
          null,
          null
        ]
      },
      "/Users/basti/code/Gifters/backend-gifters/app/controllers/api/v1/registrations_controller.rb": {
        "lines": [
          1,
          1,
          1,
          1,
          1,
          null,
          null,
          1,
          15,
          null,
          null,
          15,
          1,
          14,
          1,
          null,
          null,
          null,
          15,
          null,
          null,
          1,
          null,
          1,
          15,
          10,
          10,
          null,
          null,
          10,
          null,
          10,
          null,
          null,
          null,
          null,
          null,
          null,
          null,
          null,
          null,
          null,
          null,
          5,
          5,
          null,
          null,
          null,
          null,
          null,
          null,
          1,
          15,
          null,
          null,
          0,
          0,
          null,
          null,
          null,
          1,
          null,
          null,
          10,
          8,
          null,
          null,
          null,
          null,
          2,
          null,
          2,
          1,
          null,
          null,
          0,
          null,
          null,
          null,
          null,
          null
        ]
      },
      "/Users/basti/code/Gifters/backend-gifters/app/controllers/home_controller.rb": {
        "lines": [
          1,
          1,
          1,
          null,
          null
        ]
      },
      "/Users/basti/code/Gifters/backend-gifters/app/channels/application_cable/channel.rb": {
        "lines": [
          0,
          0,
          0,
          0
        ],
        "branches": {}
      },
      "/Users/basti/code/Gifters/backend-gifters/app/channels/application_cable/connection.rb": {
        "lines": [
          0,
          0,
          0,
          0
        ],
        "branches": {}
      },
      "/Users/basti/code/Gifters/backend-gifters/app/jobs/application_job.rb": {
        "lines": [
          0,
          null,
          null,
          null,
          null,
          null,
          0
        ],
        "branches": {}
      }
    },
    "timestamp": 1742575188
  }
}
